[debug] [2022-02-05T23:54:47.128Z] ----------------------------------------------------------------------
[debug] [2022-02-05T23:54:47.129Z] Command:       C:\Program Files\nodejs\node.exe C:\Users\k\AppData\Roaming\npm\node_modules\firebase-tools\lib\bin\firebase.js init hosting
[debug] [2022-02-05T23:54:47.129Z] CLI Version:   10.1.4
[debug] [2022-02-05T23:54:47.130Z] Platform:      win32
[debug] [2022-02-05T23:54:47.130Z] Node Version:  v14.15.3
[debug] [2022-02-05T23:54:47.130Z] Time:          Sat Feb 05 2022 15:54:47 GMT-0800 (Pacific Standard Time)
[debug] [2022-02-05T23:54:47.130Z] ----------------------------------------------------------------------
[debug] 
[debug] [2022-02-05T23:54:47.132Z] >>> [apiv2][query] GET https://firebase-public.firebaseio.com/cli.json [none]
[debug] [2022-02-05T23:54:47.146Z] > command requires scopes: ["email","openid","https://www.googleapis.com/auth/cloudplatformprojects.readonly","https://www.googleapis.com/auth/firebase","https://www.googleapis.com/auth/cloud-platform"]
[debug] [2022-02-05T23:54:47.146Z] > authorizing via signed-in user (ianmmah@gmail.com)
[info] 
     ######## #### ########  ######## ########     ###     ######  ########
     ##        ##  ##     ## ##       ##     ##  ##   ##  ##       ##
     ######    ##  ########  ######   ########  #########  ######  ######
     ##        ##  ##    ##  ##       ##     ## ##     ##       ## ##
     ##       #### ##     ## ######## ########  ##     ##  ######  ########

You're about to initialize a Firebase project in this directory:

  C:\Users\k\src\deshare\frontend

[debug] [2022-02-05T23:54:47.423Z] <<< [apiv2][status] GET https://firebase-public.firebaseio.com/cli.json 200
[debug] [2022-02-05T23:54:47.423Z] <<< [apiv2][body] GET https://firebase-public.firebaseio.com/cli.json {"cloudBuildErrorAfter":1594252800000,"cloudBuildWarnAfter":1590019200000,"defaultNode10After":1594252800000,"minVersion":"3.0.5","node8DeploysDisabledAfter":1613390400000,"node8RuntimeDisabledAfter":1615809600000,"node8WarnAfter":1600128000000}
[info] 
=== Project Setup
[info] 
[info] First, let's associate this project directory with a Firebase project.
[info] You can create multiple project aliases by running firebase use --add, 
[info] but for now we'll just set up a default project.
[info] 
